<?xml version="1.0" encoding="UTF-8"?>
<!-- Generated by org.testng.reporters.JUnitXMLReporter -->
<testsuite hostname="debian" ignored="0" name="Test" tests="2" failures="2" timestamp="19 十二月 2016 05:45:57 GMT" time="0.025" errors="0">
  <testcase name="getDistrictName" time="0.008" classname="com.luqili.utils.district.DistrictUtilsTest">
    <failure type="java.lang.RuntimeException" message="Test not implemented">
      <![CDATA[java.lang.RuntimeException: Test not implemented
	at com.luqili.utils.district.DistrictUtilsTest.getDistrictName(DistrictUtilsTest.java:9)
... Removed 25 stack frames]]>
    </failure>
  </testcase> <!-- getDistrictName -->
  <testcase name="getDistrictNames" time="0.001" classname="com.luqili.utils.district.DistrictUtilsTest">
    <failure type="java.lang.RuntimeException" message="Test not implemented">
      <![CDATA[java.lang.RuntimeException: Test not implemented
	at com.luqili.utils.district.DistrictUtilsTest.getDistrictNames(DistrictUtilsTest.java:14)
... Removed 25 stack frames]]>
    </failure>
  </testcase> <!-- getDistrictNames -->
</testsuite> <!-- Test -->
